Using pre-set license
Built from '2021.1/staging' branch; Version is '2021.1.2f1 (e5d502d80fbb) revision 15062274'; Using compiler version '192528614'; Build Type 'Release'
OS: 'Windows 10 Home Single Language; OS build 19041.928; Version 2004; 64bit' Language: 'en' Physical Memory: 8078 MB
BatchMode: 1, IsHumanControllingUs: 0, StartBugReporterOnCrash: 0, Is64bit: 1, IsPro: 0

 COMMAND LINE ARGUMENTS:
E:\cod\2021.1.2f1\Editor\Unity.exe
-adb2
-batchMode
-noUpm
-name
AssetImportWorker2
-projectPath
E:/repository/Game/New Unity Project (1)
-logFile
Logs/AssetImportWorker2.log
-srvPort
58419
Successfully changed project path to: E:/repository/Game/New Unity Project (1)
E:/repository/Game/New Unity Project (1)
Using Asset Import Pipeline V2.
Refreshing native plugins compatible for Editor in 225.09 ms, found 0 plugins.
Preloading 0 native plugins for Editor in 0.00 ms.
Initialize engine version: 2021.1.2f1 (e5d502d80fbb)
[Subsystems] Discovering subsystems at path E:/cod/2021.1.2f1/Editor/Data/Resources/UnitySubsystems
[Subsystems] Discovering subsystems at path E:/repository/Game/New Unity Project (1)/Assets
GfxDevice: creating device client; threaded=0; jobified=0
Direct3D:
    Version:  Direct3D 11.0 [level 11.1]
    Renderer: Intel(R) UHD Graphics 620 (ID=0x3ea0)
    Vendor:   Intel
    VRAM:     4039 MB
    Driver:   27.20.100.8935
Shader 'WFX/Transparent Specular': fallback shader 'Particles/Alpha Blended' not found
Shader 'WFX/Transparent Diffuse': fallback shader 'Particles/Alpha Blended' not found
Initialize mono
Mono path[0] = 'E:/cod/2021.1.2f1/Editor/Data/Managed'
Mono path[1] = 'E:/cod/2021.1.2f1/Editor/Data/MonoBleedingEdge/lib/mono/unityjit'
Mono config path = 'E:/cod/2021.1.2f1/Editor/Data/MonoBleedingEdge/etc'
Using monoOptions --debugger-agent=transport=dt_socket,embedding=1,server=y,suspend=n,address=127.0.0.1:56608
Begin MonoManager ReloadAssembly
Registering precompiled unity dll's ...
Register platform support module: E:/cod/2021.1.2f1/Editor/Data/PlaybackEngines/WindowsStandaloneSupport/UnityEditor.WindowsStandalone.Extensions.dll
Registered in 0.004006 seconds.
Native extension for WindowsStandalone target not found
Refreshing native plugins compatible for Editor in 182.58 ms, found 0 plugins.
Preloading 0 native plugins for Editor in 0.00 ms.
Mono: successfully reloaded assembly
- Completed reload, in  5.428 seconds
Platform modules already initialized, skipping
Registering precompiled user dll's ...
Registered in 0.003155 seconds.
Begin MonoManager ReloadAssembly
Native extension for WindowsStandalone target not found
Refreshing native plugins compatible for Editor in 1.14 ms, found 0 plugins.
Preloading 0 native plugins for Editor in 0.00 ms.
Mono: successfully reloaded assembly
- Completed reload, in  6.331 seconds
Platform modules already initialized, skipping
========================================================================
Worker process is ready to serve import requests
Shader 'WFX/Transparent Specular': fallback shader 'Particles/Alpha Blended' not found
Shader 'WFX/Transparent Diffuse': fallback shader 'Particles/Alpha Blended' not found
Launched and connected shader compiler UnityShaderCompiler.exe after 1.81 seconds
Refreshing native plugins compatible for Editor in 0.93 ms, found 0 plugins.
Preloading 0 native plugins for Editor in 0.00 ms.
Unloading 1836 Unused Serialized files (Serialized files now loaded: 0)
System memory in use before: 186.3 MB.
System memory in use after: 186.1 MB.

Unloading 83 unused Assets to reduce memory usage. Loaded Objects now: 2320.
Total: 6.434100 ms (FindLiveObjects: 0.359800 ms CreateObjectMapping: 0.187500 ms MarkObjects: 5.319100 ms  DeleteObjects: 0.564600 ms)

========================================================================
Received Import Request.
  path: Assets/Ground materials FD/Materials/NewLayer 1.terrainlayer
  artifactKey: Guid(22bb4258b915e2741b3687be60c718b8) Importer(815301076,1909f56bfc062723c751e8b465ee728b)
Start importing Assets/Ground materials FD/Materials/NewLayer 1.terrainlayer using Guid(22bb4258b915e2741b3687be60c718b8) Importer(815301076,1909f56bfc062723c751e8b465ee728b)  -> (artifact id: '278273bf8a82bb0aa3ef4d6d3c4ecfa2') in 1.510268 seconds 
========================================================================
Received Import Request.
  Time since last request: 0.001337 seconds.
  path: Assets/New Terrain 2.asset
  artifactKey: Guid(7ce84259f3fa2744c97576a73f744b76) Importer(815301076,1909f56bfc062723c751e8b465ee728b)
Start importing Assets/New Terrain 2.asset using Guid(7ce84259f3fa2744c97576a73f744b76) Importer(815301076,1909f56bfc062723c751e8b465ee728b)  -> (artifact id: 'a2fd0dea4883357de356f08309be7f37') in 0.048936 seconds 
========================================================================
Received Import Request.
  Time since last request: 0.000735 seconds.
  path: Assets/Ground materials FD/Materials/Sand FD 4.mat
  artifactKey: Guid(f3d7f80fc148c9f41989f2ea72cd80b5) Importer(815301076,1909f56bfc062723c751e8b465ee728b)
Start importing Assets/Ground materials FD/Materials/Sand FD 4.mat using Guid(f3d7f80fc148c9f41989f2ea72cd80b5) Importer(815301076,1909f56bfc062723c751e8b465ee728b)  -> (artifact id: '6703de7fdf0d968a88a15de2bc000553') in 8.121252 seconds 
========================================================================
Received Import Request.
  Time since last request: 0.000931 seconds.
  path: Assets/Ground materials FD/Materials/NewLayer.terrainlayer
  artifactKey: Guid(441dee1db84dd3049bb6bca3b96d1519) Importer(815301076,1909f56bfc062723c751e8b465ee728b)
Start importing Assets/Ground materials FD/Materials/NewLayer.terrainlayer using Guid(441dee1db84dd3049bb6bca3b96d1519) Importer(815301076,1909f56bfc062723c751e8b465ee728b)  -> (artifact id: '6a8e27ac09c3e17665def5f51bcf5243') in 0.164322 seconds 
========================================================================
Received Import Request.
  Time since last request: 25.103559 seconds.
  path: Assets/New Terrain 2.asset
  artifactKey: Guid(7ce84259f3fa2744c97576a73f744b76) Importer(815301076,1909f56bfc062723c751e8b465ee728b)
Start importing Assets/New Terrain 2.asset using Guid(7ce84259f3fa2744c97576a73f744b76) Importer(815301076,1909f56bfc062723c751e8b465ee728b)  -> (artifact id: '72b1e38fcaabac54f90ffa2b48b03190') in 0.151250 seconds 
========================================================================
Received Import Request.
  Time since last request: 19.817982 seconds.
  path: Assets/Scenes/3.unity
  artifactKey: Guid(1465aeea936f7fd409b9176044ab9373) Importer(815301076,1909f56bfc062723c751e8b465ee728b)
Start importing Assets/Scenes/3.unity using Guid(1465aeea936f7fd409b9176044ab9373) Importer(815301076,1909f56bfc062723c751e8b465ee728b)  -> (artifact id: 'ad8d7cad46923d005c81dd429ae6166f') in 0.007519 seconds 
========================================================================
Received Import Request.
  Time since last request: 377.760912 seconds.
  path: Assets/Prefab/Turret (1).prefab
  artifactKey: Guid(981c4a4c282141d4f9ba283378156e00) Importer(815301076,1909f56bfc062723c751e8b465ee728b)
Start importing Assets/Prefab/Turret (1).prefab using Guid(981c4a4c282141d4f9ba283378156e00) Importer(815301076,1909f56bfc062723c751e8b465ee728b)  -> (artifact id: 'd7ee6c82e21add09d558ea4eca15daa0') in 0.384582 seconds 
========================================================================
Received Import Request.
  Time since last request: 282.497956 seconds.
  path: Assets/Scenes/SampleScene.unity
  artifactKey: Guid(9fc0d4010bbf28b4594072e72b8655ab) Importer(815301076,1909f56bfc062723c751e8b465ee728b)
Start importing Assets/Scenes/SampleScene.unity using Guid(9fc0d4010bbf28b4594072e72b8655ab) Importer(815301076,1909f56bfc062723c751e8b465ee728b)  -> (artifact id: '510289649a34e7ebdd9e3bb5b86d1343') in 0.011726 seconds 
========================================================================
Received Import Request.
  Time since last request: 376.011860 seconds.
  path: Assets/Scenes/3.unity
  artifactKey: Guid(1465aeea936f7fd409b9176044ab9373) Importer(815301076,1909f56bfc062723c751e8b465ee728b)
Start importing Assets/Scenes/3.unity using Guid(1465aeea936f7fd409b9176044ab9373) Importer(815301076,1909f56bfc062723c751e8b465ee728b)  -> (artifact id: '9eae5b210d8d06eaa1066da97cc19051') in 0.005998 seconds 
========================================================================
Received Prepare
Registering precompiled user dll's ...
Registered in 0.002011 seconds.
Begin MonoManager ReloadAssembly
Native extension for WindowsStandalone target not found
Refreshing native plugins compatible for Editor in 1.08 ms, found 0 plugins.
Preloading 0 native plugins for Editor in 0.00 ms.
Mono: successfully reloaded assembly
- Completed reload, in  3.817 seconds
Platform modules already initialized, skipping
Shader 'WFX/Transparent Specular': fallback shader 'Particles/Alpha Blended' not found
Shader 'WFX/Transparent Diffuse': fallback shader 'Particles/Alpha Blended' not found
Refreshing native plugins compatible for Editor in 0.97 ms, found 0 plugins.
Preloading 0 native plugins for Editor in 0.00 ms.
Unloading 1759 Unused Serialized files (Serialized files now loaded: 0)
System memory in use before: 185.1 MB.
System memory in use after: 185.1 MB.

Unloading 75 unused Assets to reduce memory usage. Loaded Objects now: 2383.
Total: 9.299200 ms (FindLiveObjects: 0.523500 ms CreateObjectMapping: 0.230100 ms MarkObjects: 7.873200 ms  DeleteObjects: 0.668900 ms)

========================================================================
Received Prepare
Registering precompiled user dll's ...
Registered in 0.002710 seconds.
Begin MonoManager ReloadAssembly
Native extension for WindowsStandalone target not found
Refreshing native plugins compatible for Editor in 1.19 ms, found 0 plugins.
Preloading 0 native plugins for Editor in 0.00 ms.
Mono: successfully reloaded assembly
- Completed reload, in  4.792 seconds
Platform modules already initialized, skipping
Shader 'WFX/Transparent Specular': fallback shader 'Particles/Alpha Blended' not found
Shader 'WFX/Transparent Diffuse': fallback shader 'Particles/Alpha Blended' not found
Refreshing native plugins compatible for Editor in 1.66 ms, found 0 plugins.
Preloading 0 native plugins for Editor in 0.00 ms.
Unloading 1758 Unused Serialized files (Serialized files now loaded: 0)
System memory in use before: 185.1 MB.
System memory in use after: 185.1 MB.

Unloading 74 unused Assets to reduce memory usage. Loaded Objects now: 2386.
Total: 14.133000 ms (FindLiveObjects: 0.697800 ms CreateObjectMapping: 0.386800 ms MarkObjects: 12.042700 ms  DeleteObjects: 1.001500 ms)

========================================================================
Received Import Request.
  Time since last request: 427.658729 seconds.
  path: Assets/Scenes/4.unity
  artifactKey: Guid(553dd7e6e02c14b48a81a5d378434c91) Importer(815301076,1909f56bfc062723c751e8b465ee728b)
Start importing Assets/Scenes/4.unity using Guid(553dd7e6e02c14b48a81a5d378434c91) Importer(815301076,1909f56bfc062723c751e8b465ee728b)  -> (artifact id: '05d50fe235e0b62f8015d24be6e48afe') in 0.586449 seconds 
========================================================================
Received Prepare
Registering precompiled user dll's ...
Registered in 0.001560 seconds.
Begin MonoManager ReloadAssembly
Native extension for WindowsStandalone target not found
Refreshing native plugins compatible for Editor in 0.78 ms, found 0 plugins.
Preloading 0 native plugins for Editor in 0.00 ms.
Mono: successfully reloaded assembly
- Completed reload, in  2.858 seconds
Platform modules already initialized, skipping
Shader 'WFX/Transparent Specular': fallback shader 'Particles/Alpha Blended' not found
Shader 'WFX/Transparent Diffuse': fallback shader 'Particles/Alpha Blended' not found
Refreshing native plugins compatible for Editor in 0.51 ms, found 0 plugins.
Preloading 0 native plugins for Editor in 0.00 ms.
Unloading 1758 Unused Serialized files (Serialized files now loaded: 0)
System memory in use before: 185.1 MB.
System memory in use after: 185.2 MB.

Unloading 74 unused Assets to reduce memory usage. Loaded Objects now: 2389.
Total: 4.119700 ms (FindLiveObjects: 0.344400 ms CreateObjectMapping: 0.122000 ms MarkObjects: 3.416900 ms  DeleteObjects: 0.234500 ms)

========================================================================
Received Import Request.
  Time since last request: 510.716935 seconds.
  path: Assets/Scenes/3.unity
  artifactKey: Guid(1465aeea936f7fd409b9176044ab9373) Importer(815301076,1909f56bfc062723c751e8b465ee728b)
Start importing Assets/Scenes/3.unity using Guid(1465aeea936f7fd409b9176044ab9373) Importer(815301076,1909f56bfc062723c751e8b465ee728b)  -> (artifact id: '1180b8f45a4eba7d325e76e2df0f239d') in 0.020928 seconds 
========================================================================
Received Prepare
Registering precompiled user dll's ...
Registered in 0.002246 seconds.
Begin MonoManager ReloadAssembly
Native extension for WindowsStandalone target not found
Refreshing native plugins compatible for Editor in 1.22 ms, found 0 plugins.
Preloading 0 native plugins for Editor in 0.00 ms.
Mono: successfully reloaded assembly
- Completed reload, in  2.670 seconds
Platform modules already initialized, skipping
Shader 'WFX/Transparent Specular': fallback shader 'Particles/Alpha Blended' not found
Shader 'WFX/Transparent Diffuse': fallback shader 'Particles/Alpha Blended' not found
Refreshing native plugins compatible for Editor in 0.84 ms, found 0 plugins.
Preloading 0 native plugins for Editor in 0.00 ms.
Unloading 1758 Unused Serialized files (Serialized files now loaded: 0)
System memory in use before: 185.2 MB.
System memory in use after: 185.2 MB.

Unloading 74 unused Assets to reduce memory usage. Loaded Objects now: 2392.
Total: 12.047500 ms (FindLiveObjects: 0.284100 ms CreateObjectMapping: 0.114300 ms MarkObjects: 11.264600 ms  DeleteObjects: 0.382700 ms)

========================================================================
Received Import Request.
  Time since last request: 28.934778 seconds.
  path: Assets/Prefab/Turret (1).prefab
  artifactKey: Guid(981c4a4c282141d4f9ba283378156e00) Importer(815301076,1909f56bfc062723c751e8b465ee728b)
Start importing Assets/Prefab/Turret (1).prefab using Guid(981c4a4c282141d4f9ba283378156e00) Importer(815301076,1909f56bfc062723c751e8b465ee728b)  -> (artifact id: '62f1e93f715cb7a0db1ba3c518717398') in 8.967877 seconds 
========================================================================
Received Import Request.
  Time since last request: 28.678681 seconds.
  path: Assets/Prefab/Turret (1).prefab
  artifactKey: Guid(981c4a4c282141d4f9ba283378156e00) Importer(815301076,1909f56bfc062723c751e8b465ee728b)
Start importing Assets/Prefab/Turret (1).prefab using Guid(981c4a4c282141d4f9ba283378156e00) Importer(815301076,1909f56bfc062723c751e8b465ee728b)  -> (artifact id: 'd417b4162a17676d5d4f0638975b651f') in 0.961161 seconds 
========================================================================
Received Import Request.
  Time since last request: 11.910335 seconds.
  path: Assets/Scenes/4.unity
  artifactKey: Guid(553dd7e6e02c14b48a81a5d378434c91) Importer(815301076,1909f56bfc062723c751e8b465ee728b)
Start importing Assets/Scenes/4.unity using Guid(553dd7e6e02c14b48a81a5d378434c91) Importer(815301076,1909f56bfc062723c751e8b465ee728b)  -> (artifact id: 'ee32762244e61ce5594deb45e67359a4') in 0.012664 seconds 
========================================================================
Received Prepare
Registering precompiled user dll's ...
Registered in 0.002468 seconds.
Begin MonoManager ReloadAssembly
Native extension for WindowsStandalone target not found
Refreshing native plugins compatible for Editor in 0.53 ms, found 0 plugins.
Preloading 0 native plugins for Editor in 0.00 ms.
Mono: successfully reloaded assembly
- Completed reload, in  1.840 seconds
Platform modules already initialized, skipping
Shader 'WFX/Transparent Specular': fallback shader 'Particles/Alpha Blended' not found
Shader 'WFX/Transparent Diffuse': fallback shader 'Particles/Alpha Blended' not found
Refreshing native plugins compatible for Editor in 0.84 ms, found 0 plugins.
Preloading 0 native plugins for Editor in 0.00 ms.
Unloading 1758 Unused Serialized files (Serialized files now loaded: 0)
System memory in use before: 185.2 MB.
System memory in use after: 185.2 MB.

Unloading 75 unused Assets to reduce memory usage. Loaded Objects now: 2396.
Total: 7.872900 ms (FindLiveObjects: 0.616800 ms CreateObjectMapping: 0.308800 ms MarkObjects: 6.371500 ms  DeleteObjects: 0.573500 ms)

========================================================================
Received Import Request.
  Time since last request: 169.695768 seconds.
  path: Assets/Scenes/1.unity
  artifactKey: Guid(4b0d5e3d6b275944d97bbc5535ad11f8) Importer(815301076,1909f56bfc062723c751e8b465ee728b)
Start importing Assets/Scenes/1.unity using Guid(4b0d5e3d6b275944d97bbc5535ad11f8) Importer(815301076,1909f56bfc062723c751e8b465ee728b)  -> (artifact id: 'f05ad332594901b9c2189ac2fb0a4754') in 0.031993 seconds 
========================================================================
Received Import Request.
  Time since last request: 380.460784 seconds.
  path: Assets/Scenes/2.unity
  artifactKey: Guid(069e251fa68695f449770a318089974c) Importer(815301076,1909f56bfc062723c751e8b465ee728b)
Start importing Assets/Scenes/2.unity using Guid(069e251fa68695f449770a318089974c) Importer(815301076,1909f56bfc062723c751e8b465ee728b)  -> (artifact id: '46a00212f4e2c95b8bc55fa4edfcdcc9') in 0.011281 seconds 
========================================================================
Received Import Request.
  Time since last request: 815.023414 seconds.
  path: Assets/Scenes/SampleScene.unity
  artifactKey: Guid(9fc0d4010bbf28b4594072e72b8655ab) Importer(815301076,1909f56bfc062723c751e8b465ee728b)
Start importing Assets/Scenes/SampleScene.unity using Guid(9fc0d4010bbf28b4594072e72b8655ab) Importer(815301076,1909f56bfc062723c751e8b465ee728b)  -> (artifact id: '5106b11294e8ff1a9e4a3c46ef2bd8f8') in 0.005668 seconds 
========================================================================
Received Import Request.
  Time since last request: 82.583130 seconds.
  path: Assets/Scenes/1.unity
  artifactKey: Guid(4b0d5e3d6b275944d97bbc5535ad11f8) Importer(815301076,1909f56bfc062723c751e8b465ee728b)
Start importing Assets/Scenes/1.unity using Guid(4b0d5e3d6b275944d97bbc5535ad11f8) Importer(815301076,1909f56bfc062723c751e8b465ee728b)  -> (artifact id: 'c9bf91928f2fa9239ab1634e1eb970d0') in 0.007108 seconds 
========================================================================
Received Prepare
Registering precompiled user dll's ...
Registered in 0.001765 seconds.
Begin MonoManager ReloadAssembly
Native extension for WindowsStandalone target not found
Refreshing native plugins compatible for Editor in 4.53 ms, found 0 plugins.
Preloading 0 native plugins for Editor in 0.00 ms.
Mono: successfully reloaded assembly
- Completed reload, in  5.711 seconds
Platform modules already initialized, skipping
Shader 'WFX/Transparent Specular': fallback shader 'Particles/Alpha Blended' not found
Shader 'WFX/Transparent Diffuse': fallback shader 'Particles/Alpha Blended' not found
Refreshing native plugins compatible for Editor in 1.34 ms, found 0 plugins.
Preloading 0 native plugins for Editor in 0.00 ms.
Unloading 1758 Unused Serialized files (Serialized files now loaded: 0)
System memory in use before: 185.2 MB.
System memory in use after: 185.2 MB.

Unloading 74 unused Assets to reduce memory usage. Loaded Objects now: 2399.
Total: 5.004000 ms (FindLiveObjects: 0.328800 ms CreateObjectMapping: 0.160400 ms MarkObjects: 4.115800 ms  DeleteObjects: 0.397700 ms)

AssetImportWorkerClient::OnTransportError - code=2 error=End of file
