Using pre-set license
Built from '2021.1/staging' branch; Version is '2021.1.2f1 (e5d502d80fbb) revision 15062274'; Using compiler version '192528614'; Build Type 'Release'
OS: 'Windows 10 Home Single Language; OS build 19042.867; Version 2009; 64bit' Language: 'en' Physical Memory: 8020 MB
BatchMode: 1, IsHumanControllingUs: 0, StartBugReporterOnCrash: 0, Is64bit: 1, IsPro: 0

 COMMAND LINE ARGUMENTS:
E:\Unity\Editor\Unity.exe
-adb2
-batchMode
-noUpm
-name
AssetImportWorker1
-projectPath
D:/Unity/Maze-game/New Unity Project (1)
-logFile
Logs/AssetImportWorker1.log
-srvPort
50970
Successfully changed project path to: D:/Unity/Maze-game/New Unity Project (1)
D:/Unity/Maze-game/New Unity Project (1)
Using Asset Import Pipeline V2.
Refreshing native plugins compatible for Editor in 24.83 ms, found 0 plugins.
Preloading 0 native plugins for Editor in 0.00 ms.
Initialize engine version: 2021.1.2f1 (e5d502d80fbb)
[Subsystems] Discovering subsystems at path E:/Unity/Editor/Data/Resources/UnitySubsystems
[Subsystems] Discovering subsystems at path D:/Unity/Maze-game/New Unity Project (1)/Assets
GfxDevice: creating device client; threaded=0; jobified=0
Direct3D:
    Version:  Direct3D 11.0 [level 11.1]
    Renderer: NVIDIA GeForce MX250 (ID=0x1d13)
    Vendor:   NVIDIA
    VRAM:     1983 MB
    Driver:   27.21.14.5211
Initialize mono
Mono path[0] = 'E:/Unity/Editor/Data/Managed'
Mono path[1] = 'E:/Unity/Editor/Data/MonoBleedingEdge/lib/mono/unityjit'
Mono config path = 'E:/Unity/Editor/Data/MonoBleedingEdge/etc'
Using monoOptions --debugger-agent=transport=dt_socket,embedding=1,server=y,suspend=n,address=127.0.0.1:56024
Begin MonoManager ReloadAssembly
Registering precompiled unity dll's ...
Register platform support module: E:/Unity/Editor/Data/PlaybackEngines/WindowsStandaloneSupport/UnityEditor.WindowsStandalone.Extensions.dll
Registered in 0.000961 seconds.
Native extension for WindowsStandalone target not found
Refreshing native plugins compatible for Editor in 26.98 ms, found 0 plugins.
Preloading 0 native plugins for Editor in 0.00 ms.
Mono: successfully reloaded assembly
- Completed reload, in  1.085 seconds
Platform modules already initialized, skipping
Registering precompiled user dll's ...
Registered in 0.000742 seconds.
Begin MonoManager ReloadAssembly
Native extension for WindowsStandalone target not found
Refreshing native plugins compatible for Editor in 0.31 ms, found 0 plugins.
Preloading 0 native plugins for Editor in 0.00 ms.
Mono: successfully reloaded assembly
- Completed reload, in  1.143 seconds
Platform modules already initialized, skipping
========================================================================
Worker process is ready to serve import requests
Launched and connected shader compiler UnityShaderCompiler.exe after 0.26 seconds
Refreshing native plugins compatible for Editor in 0.46 ms, found 0 plugins.
Preloading 0 native plugins for Editor in 0.00 ms.
Unloading 1140 Unused Serialized files (Serialized files now loaded: 0)
System memory in use before: 71.0 MB.
System memory in use after: 71.1 MB.

Unloading 9 unused Assets to reduce memory usage. Loaded Objects now: 1614.
Total: 2.992400 ms (FindLiveObjects: 0.448900 ms CreateObjectMapping: 0.279000 ms MarkObjects: 2.120100 ms  DeleteObjects: 0.142000 ms)

========================================================================
Received Import Request.
  path: Assets/Enimies.cs
  artifactKey: Guid(5d5181d23f8ef0641bdc416739ff37a1) Importer(815301076,1909f56bfc062723c751e8b465ee728b)
Start importing Assets/Enimies.cs using Guid(5d5181d23f8ef0641bdc416739ff37a1) Importer(815301076,1909f56bfc062723c751e8b465ee728b)  -> (artifact id: '3855e57072912839c9af16d6307dbfde') in 0.053868 seconds 
========================================================================
Received Import Request.
  Time since last request: 105.245741 seconds.
  path: Assets/Enimies.cs
  artifactKey: Guid(5d5181d23f8ef0641bdc416739ff37a1) Importer(815301076,1909f56bfc062723c751e8b465ee728b)
Start importing Assets/Enimies.cs using Guid(5d5181d23f8ef0641bdc416739ff37a1) Importer(815301076,1909f56bfc062723c751e8b465ee728b)  -> (artifact id: '7b240ba3579d1c98d80f695e51cbf464') in 0.002947 seconds 
========================================================================
Received Prepare
Registering precompiled user dll's ...
Registered in 0.000771 seconds.
Begin MonoManager ReloadAssembly
Native extension for WindowsStandalone target not found
Refreshing native plugins compatible for Editor in 0.20 ms, found 0 plugins.
Preloading 0 native plugins for Editor in 0.00 ms.
Mono: successfully reloaded assembly
- Completed reload, in  0.785 seconds
Platform modules already initialized, skipping
Refreshing native plugins compatible for Editor in 0.20 ms, found 0 plugins.
Preloading 0 native plugins for Editor in 0.00 ms.
Unloading 1134 Unused Serialized files (Serialized files now loaded: 0)
System memory in use before: 70.9 MB.
System memory in use after: 71.0 MB.

Unloading 4 unused Assets to reduce memory usage. Loaded Objects now: 1617.
Total: 1.798000 ms (FindLiveObjects: 0.156600 ms CreateObjectMapping: 0.042100 ms MarkObjects: 1.584500 ms  DeleteObjects: 0.013600 ms)

========================================================================
Received Import Request.
  Time since last request: 8.160761 seconds.
  path: Assets/Enimies.cs
  artifactKey: Guid(5d5181d23f8ef0641bdc416739ff37a1) Importer(815301076,1909f56bfc062723c751e8b465ee728b)
Start importing Assets/Enimies.cs using Guid(5d5181d23f8ef0641bdc416739ff37a1) Importer(815301076,1909f56bfc062723c751e8b465ee728b)  -> (artifact id: 'ab26c99bff5c554efa0c24a81ffeb32d') in 0.004019 seconds 
========================================================================
Received Import Request.
  Time since last request: 157.328865 seconds.
  path: Assets/Gun.cs
  artifactKey: Guid(28a4b53df3a627643a8c343269d54c92) Importer(815301076,1909f56bfc062723c751e8b465ee728b)
Start importing Assets/Gun.cs using Guid(28a4b53df3a627643a8c343269d54c92) Importer(815301076,1909f56bfc062723c751e8b465ee728b)  -> (artifact id: '79bd5f59c5852a86d6059b8780ba572f') in 0.002261 seconds 
========================================================================
Received Import Request.
  Time since last request: 3032.404344 seconds.
  path: Assets/BigRookGames
  artifactKey: Guid(e69ef4c56626125418f3400033573acb) Importer(815301076,1909f56bfc062723c751e8b465ee728b)
Start importing Assets/BigRookGames using Guid(e69ef4c56626125418f3400033573acb) Importer(815301076,1909f56bfc062723c751e8b465ee728b)  -> (artifact id: '8083154e3bb6b48ed2becd95d544dd32') in 0.015207 seconds 
========================================================================
Received Import Request.
  Time since last request: 0.965482 seconds.
  path: Assets/BigRookGames/_AssetPacks
  artifactKey: Guid(6a4200184833e7f489a096179bd5201a) Importer(815301076,1909f56bfc062723c751e8b465ee728b)
Start importing Assets/BigRookGames/_AssetPacks using Guid(6a4200184833e7f489a096179bd5201a) Importer(815301076,1909f56bfc062723c751e8b465ee728b)  -> (artifact id: 'cf95d49be677b2e30f1473f3e746eb96') in 0.004784 seconds 
========================================================================
Received Import Request.
  Time since last request: 1.227162 seconds.
  path: Assets/BigRookGames/_AssetPacks/Stylized Weapon Pack
  artifactKey: Guid(79c952296b15cbe4380e134447384c2a) Importer(815301076,1909f56bfc062723c751e8b465ee728b)
Start importing Assets/BigRookGames/_AssetPacks/Stylized Weapon Pack using Guid(79c952296b15cbe4380e134447384c2a) Importer(815301076,1909f56bfc062723c751e8b465ee728b)  -> (artifact id: '1a0f86e0b26c17087c27f9222c216fbc') in 0.002477 seconds 
========================================================================
Received Import Request.
  Time since last request: 1.229662 seconds.
  path: Assets/BigRookGames/_AssetPacks/Stylized Weapon Pack/M4 Scoped Assault Rifle
  artifactKey: Guid(3c6b64159af605344bb98f2bd5edc31c) Importer(815301076,1909f56bfc062723c751e8b465ee728b)
Start importing Assets/BigRookGames/_AssetPacks/Stylized Weapon Pack/M4 Scoped Assault Rifle using Guid(3c6b64159af605344bb98f2bd5edc31c) Importer(815301076,1909f56bfc062723c751e8b465ee728b)  -> (artifact id: '1f040600c9f7b6e9ea99b4ce79b959dd') in 0.025859 seconds 
========================================================================
Received Import Request.
  Time since last request: 1.323985 seconds.
  path: Assets/BigRookGames/_AssetPacks/Stylized Weapon Pack/M4 Scoped Assault Rifle/Prefabs/Assault_Rifle_M4.prefab
  artifactKey: Guid(9c32f2e3b18a3a94fa0cb90a4ac1c2fd) Importer(815301076,1909f56bfc062723c751e8b465ee728b)
Start importing Assets/BigRookGames/_AssetPacks/Stylized Weapon Pack/M4 Scoped Assault Rifle/Prefabs/Assault_Rifle_M4.prefab using Guid(9c32f2e3b18a3a94fa0cb90a4ac1c2fd) Importer(815301076,1909f56bfc062723c751e8b465ee728b)  -> (artifact id: '258edbcd2dbff4c031489a0d2f661992') in 0.528520 seconds 
========================================================================
Received Import Request.
  Time since last request: 0.000139 seconds.
  path: Assets/BigRookGames/_AssetPacks/Stylized Weapon Pack/M4 Scoped Assault Rifle/Prefabs/VFX_M4 Muzzle Flash.prefab
  artifactKey: Guid(4543ab5e3d405ec40a8d4e9aa5165030) Importer(815301076,1909f56bfc062723c751e8b465ee728b)
Start importing Assets/BigRookGames/_AssetPacks/Stylized Weapon Pack/M4 Scoped Assault Rifle/Prefabs/VFX_M4 Muzzle Flash.prefab using Guid(4543ab5e3d405ec40a8d4e9aa5165030) Importer(815301076,1909f56bfc062723c751e8b465ee728b)  -> (artifact id: '3e407c9263ab5472938df7ee8f67e392') in 0.013872 seconds 
========================================================================
Received Import Request.
  Time since last request: 0.000281 seconds.
  path: Assets/BigRookGames/_AssetPacks/Stylized Weapon Pack/M4 Scoped Assault Rifle/Prefabs
  artifactKey: Guid(ca373da0bcc5dc1478653004cd5da4d2) Importer(815301076,1909f56bfc062723c751e8b465ee728b)
Start importing Assets/BigRookGames/_AssetPacks/Stylized Weapon Pack/M4 Scoped Assault Rifle/Prefabs using Guid(ca373da0bcc5dc1478653004cd5da4d2) Importer(815301076,1909f56bfc062723c751e8b465ee728b)  -> (artifact id: '126c0d772506393e49340b8aabb89931') in 0.004009 seconds 
========================================================================
Received Import Request.
  Time since last request: 0.000260 seconds.
  path: Assets/BigRookGames/_AssetPacks/Stylized Weapon Pack/M4 Scoped Assault Rifle/Prefabs/Assault_Rifle_M4_with_scope.prefab
  artifactKey: Guid(fc45b7e62abe3a34da71d3a00638f636) Importer(815301076,1909f56bfc062723c751e8b465ee728b)
Start importing Assets/BigRookGames/_AssetPacks/Stylized Weapon Pack/M4 Scoped Assault Rifle/Prefabs/Assault_Rifle_M4_with_scope.prefab using Guid(fc45b7e62abe3a34da71d3a00638f636) Importer(815301076,1909f56bfc062723c751e8b465ee728b)  -> (artifact id: 'fb16b7ab4f2455b1da325d9eb8e3f245') in 0.023807 seconds 
========================================================================
Received Import Request.
  Time since last request: 330.777516 seconds.
  path: Assets/BigRookGames/_AssetPacks/Stylized Weapon Pack/M4 Scoped Assault Rifle/Materials/SoftGlow.mat
  artifactKey: Guid(ad563762ae12eec4db605c6b20f3ea67) Importer(815301076,1909f56bfc062723c751e8b465ee728b)
Start importing Assets/BigRookGames/_AssetPacks/Stylized Weapon Pack/M4 Scoped Assault Rifle/Materials/SoftGlow.mat using Guid(ad563762ae12eec4db605c6b20f3ea67) Importer(815301076,1909f56bfc062723c751e8b465ee728b)  -> (artifact id: '19ab215dcbc4c0c9fb6d89faf8b9abb1') in 0.649445 seconds 
========================================================================
Received Import Request.
  Time since last request: 343.096063 seconds.
  path: Assets/BigRookGames/_AssetPacks/Stylized Weapon Pack/M4 Scoped Assault Rifle/Materials/GlowDotAlpha.mat
  artifactKey: Guid(f0aa70efc36b60d41a3d11050713ff5d) Importer(815301076,1909f56bfc062723c751e8b465ee728b)
Start importing Assets/BigRookGames/_AssetPacks/Stylized Weapon Pack/M4 Scoped Assault Rifle/Materials/GlowDotAlpha.mat using Guid(f0aa70efc36b60d41a3d11050713ff5d) Importer(815301076,1909f56bfc062723c751e8b465ee728b)  -> (artifact id: '6bc00541d5e51ff65839cc7bb843aaf1') in 0.040887 seconds 
========================================================================
Received Import Request.
  Time since last request: 2.735605 seconds.
  path: Assets/BigRookGames/_AssetPacks/Stylized Weapon Pack/M4 Scoped Assault Rifle/Materials/Dust.mat
  artifactKey: Guid(f6b63f8bae0764f4083957642f7f967a) Importer(815301076,1909f56bfc062723c751e8b465ee728b)
Start importing Assets/BigRookGames/_AssetPacks/Stylized Weapon Pack/M4 Scoped Assault Rifle/Materials/Dust.mat using Guid(f6b63f8bae0764f4083957642f7f967a) Importer(815301076,1909f56bfc062723c751e8b465ee728b)  -> (artifact id: '33a55e9867ec510aa203118b1ed70c63') in 0.011315 seconds 
========================================================================
Received Import Request.
  Time since last request: 21.376986 seconds.
  path: Assets/BigRookGames/_AssetPacks/Stylized Weapon Pack/M4 Scoped Assault Rifle/Prefabs/VFX_M4 Muzzle Flash.prefab
  artifactKey: Guid(4543ab5e3d405ec40a8d4e9aa5165030) Importer(815301076,1909f56bfc062723c751e8b465ee728b)
Start importing Assets/BigRookGames/_AssetPacks/Stylized Weapon Pack/M4 Scoped Assault Rifle/Prefabs/VFX_M4 Muzzle Flash.prefab using Guid(4543ab5e3d405ec40a8d4e9aa5165030) Importer(815301076,1909f56bfc062723c751e8b465ee728b)  -> (artifact id: '749aeac9b6c010be983eae61e2c3a986') in 0.007589 seconds 
========================================================================
Received Import Request.
  Time since last request: 2.170582 seconds.
  path: Assets/BigRookGames/_AssetPacks/Stylized Weapon Pack/M4 Scoped Assault Rifle/Materials/MuzzleSniperAlpha.mat
  artifactKey: Guid(de0290f0b61d4a64c86f96463e1f4069) Importer(815301076,1909f56bfc062723c751e8b465ee728b)
Start importing Assets/BigRookGames/_AssetPacks/Stylized Weapon Pack/M4 Scoped Assault Rifle/Materials/MuzzleSniperAlpha.mat using Guid(de0290f0b61d4a64c86f96463e1f4069) Importer(815301076,1909f56bfc062723c751e8b465ee728b)  -> (artifact id: 'c84f1f1bf3731b6d717f4e7bb3c363f5') in 0.032683 seconds 
========================================================================
Received Import Request.
  Time since last request: 40.367525 seconds.
  path: Assets/BigRookGames/_AssetPacks/Stylized Weapon Pack/M4 Scoped Assault Rifle/Prefabs/VFX_M4 Muzzle Flash.prefab
  artifactKey: Guid(4543ab5e3d405ec40a8d4e9aa5165030) Importer(815301076,1909f56bfc062723c751e8b465ee728b)
Start importing Assets/BigRookGames/_AssetPacks/Stylized Weapon Pack/M4 Scoped Assault Rifle/Prefabs/VFX_M4 Muzzle Flash.prefab using Guid(4543ab5e3d405ec40a8d4e9aa5165030) Importer(815301076,1909f56bfc062723c751e8b465ee728b)  -> (artifact id: 'e5ac412d8f5b545427e679631e48a9e0') in 0.005730 seconds 
========================================================================
Received Import Request.
  Time since last request: 11.657250 seconds.
  path: Assets/BigRookGames/_AssetPacks/Stylized Weapon Pack/M4 Scoped Assault Rifle/Prefabs/VFX_M4 Muzzle Flash.prefab
  artifactKey: Guid(4543ab5e3d405ec40a8d4e9aa5165030) Importer(815301076,1909f56bfc062723c751e8b465ee728b)
Start importing Assets/BigRookGames/_AssetPacks/Stylized Weapon Pack/M4 Scoped Assault Rifle/Prefabs/VFX_M4 Muzzle Flash.prefab using Guid(4543ab5e3d405ec40a8d4e9aa5165030) Importer(815301076,1909f56bfc062723c751e8b465ee728b)  -> (artifact id: '38b4a44b396aeb12f7beb168f7b35ddb') in 0.009520 seconds 
========================================================================
Received Import Request.
  Time since last request: 4.597305 seconds.
  path: Assets/BigRookGames/_AssetPacks/Stylized Weapon Pack/M4 Scoped Assault Rifle/Prefabs/VFX_M4 Muzzle Flash.prefab
  artifactKey: Guid(4543ab5e3d405ec40a8d4e9aa5165030) Importer(815301076,1909f56bfc062723c751e8b465ee728b)
Start importing Assets/BigRookGames/_AssetPacks/Stylized Weapon Pack/M4 Scoped Assault Rifle/Prefabs/VFX_M4 Muzzle Flash.prefab using Guid(4543ab5e3d405ec40a8d4e9aa5165030) Importer(815301076,1909f56bfc062723c751e8b465ee728b)  -> (artifact id: 'f0b9fdddc41febdccce370d33cabf495') in 0.006884 seconds 
========================================================================
Received Import Request.
  Time since last request: 2.633774 seconds.
  path: Assets/BigRookGames/_AssetPacks/Stylized Weapon Pack/M4 Scoped Assault Rifle/Prefabs/VFX_M4 Muzzle Flash.prefab
  artifactKey: Guid(4543ab5e3d405ec40a8d4e9aa5165030) Importer(815301076,1909f56bfc062723c751e8b465ee728b)
Start importing Assets/BigRookGames/_AssetPacks/Stylized Weapon Pack/M4 Scoped Assault Rifle/Prefabs/VFX_M4 Muzzle Flash.prefab using Guid(4543ab5e3d405ec40a8d4e9aa5165030) Importer(815301076,1909f56bfc062723c751e8b465ee728b)  -> (artifact id: 'dd16249062ece2052ed04a6efa9ae9a6') in 0.004880 seconds 
========================================================================
Received Import Request.
  Time since last request: 8.765562 seconds.
  path: Assets/BigRookGames/_AssetPacks/Stylized Weapon Pack/M4 Scoped Assault Rifle/Prefabs/VFX_M4 Muzzle Flash.prefab
  artifactKey: Guid(4543ab5e3d405ec40a8d4e9aa5165030) Importer(815301076,1909f56bfc062723c751e8b465ee728b)
Start importing Assets/BigRookGames/_AssetPacks/Stylized Weapon Pack/M4 Scoped Assault Rifle/Prefabs/VFX_M4 Muzzle Flash.prefab using Guid(4543ab5e3d405ec40a8d4e9aa5165030) Importer(815301076,1909f56bfc062723c751e8b465ee728b)  -> (artifact id: '40e3c6d0a2c532d228c53ef93ba04924') in 0.013175 seconds 
========================================================================
Received Import Request.
  Time since last request: 3.024416 seconds.
  path: Assets/BigRookGames/_AssetPacks/Stylized Weapon Pack/M4 Scoped Assault Rifle/Prefabs/VFX_M4 Muzzle Flash.prefab
  artifactKey: Guid(4543ab5e3d405ec40a8d4e9aa5165030) Importer(815301076,1909f56bfc062723c751e8b465ee728b)
Start importing Assets/BigRookGames/_AssetPacks/Stylized Weapon Pack/M4 Scoped Assault Rifle/Prefabs/VFX_M4 Muzzle Flash.prefab using Guid(4543ab5e3d405ec40a8d4e9aa5165030) Importer(815301076,1909f56bfc062723c751e8b465ee728b)  -> (artifact id: '489e3ed7e40a168f0aca332b5df2a6b0') in 0.011520 seconds 
========================================================================
Received Import Request.
  Time since last request: 1.714795 seconds.
  path: Assets/BigRookGames/_AssetPacks/Stylized Weapon Pack/M4 Scoped Assault Rifle/Prefabs/VFX_M4 Muzzle Flash.prefab
  artifactKey: Guid(4543ab5e3d405ec40a8d4e9aa5165030) Importer(815301076,1909f56bfc062723c751e8b465ee728b)
Start importing Assets/BigRookGames/_AssetPacks/Stylized Weapon Pack/M4 Scoped Assault Rifle/Prefabs/VFX_M4 Muzzle Flash.prefab using Guid(4543ab5e3d405ec40a8d4e9aa5165030) Importer(815301076,1909f56bfc062723c751e8b465ee728b)  -> (artifact id: 'a7433b4b56f2a666ca992a9396be41bd') in 0.005042 seconds 
========================================================================
Received Import Request.
  Time since last request: 10.503263 seconds.
  path: Assets/BigRookGames/_AssetPacks/Stylized Weapon Pack/M4 Scoped Assault Rifle/Prefabs/VFX_M4 Muzzle Flash.prefab
  artifactKey: Guid(4543ab5e3d405ec40a8d4e9aa5165030) Importer(815301076,1909f56bfc062723c751e8b465ee728b)
Start importing Assets/BigRookGames/_AssetPacks/Stylized Weapon Pack/M4 Scoped Assault Rifle/Prefabs/VFX_M4 Muzzle Flash.prefab using Guid(4543ab5e3d405ec40a8d4e9aa5165030) Importer(815301076,1909f56bfc062723c751e8b465ee728b)  -> (artifact id: '78cb4b3ea2c7f9739ee6ce56a9b6fdba') in 0.005682 seconds 
========================================================================
Received Import Request.
  Time since last request: 34.521754 seconds.
  path: Assets/BigRookGames/_AssetPacks/Stylized Weapon Pack/M4 Scoped Assault Rifle/Prefabs/VFX_M4 Muzzle Flash.prefab
  artifactKey: Guid(4543ab5e3d405ec40a8d4e9aa5165030) Importer(815301076,1909f56bfc062723c751e8b465ee728b)
Start importing Assets/BigRookGames/_AssetPacks/Stylized Weapon Pack/M4 Scoped Assault Rifle/Prefabs/VFX_M4 Muzzle Flash.prefab using Guid(4543ab5e3d405ec40a8d4e9aa5165030) Importer(815301076,1909f56bfc062723c751e8b465ee728b)  -> (artifact id: '89553ee87062de9cfa41e06a63f1b4b0') in 0.005295 seconds 
========================================================================
Received Import Request.
  Time since last request: 12.432541 seconds.
  path: Assets/BigRookGames/_AssetPacks/Stylized Weapon Pack/M4 Scoped Assault Rifle/Prefabs/VFX_M4 Muzzle Flash.prefab
  artifactKey: Guid(4543ab5e3d405ec40a8d4e9aa5165030) Importer(815301076,1909f56bfc062723c751e8b465ee728b)
Start importing Assets/BigRookGames/_AssetPacks/Stylized Weapon Pack/M4 Scoped Assault Rifle/Prefabs/VFX_M4 Muzzle Flash.prefab using Guid(4543ab5e3d405ec40a8d4e9aa5165030) Importer(815301076,1909f56bfc062723c751e8b465ee728b)  -> (artifact id: '0f2037e2df1567815a7aa5637246c9be') in 0.005622 seconds 
========================================================================
Received Prepare
Registering precompiled user dll's ...
Registered in 0.000798 seconds.
Begin MonoManager ReloadAssembly
Native extension for WindowsStandalone target not found
Refreshing native plugins compatible for Editor in 0.23 ms, found 0 plugins.
Preloading 0 native plugins for Editor in 0.00 ms.
Mono: successfully reloaded assembly
- Completed reload, in  1.069 seconds
Platform modules already initialized, skipping
Refreshing native plugins compatible for Editor in 0.26 ms, found 0 plugins.
Preloading 0 native plugins for Editor in 0.00 ms.
Unloading 1135 Unused Serialized files (Serialized files now loaded: 0)
System memory in use before: 74.9 MB.
System memory in use after: 75.0 MB.

Unloading 4 unused Assets to reduce memory usage. Loaded Objects now: 1663.
Total: 1.722200 ms (FindLiveObjects: 0.138700 ms CreateObjectMapping: 0.035400 ms MarkObjects: 1.532200 ms  DeleteObjects: 0.014200 ms)

========================================================================
Received Import Request.
  Time since last request: 321.548601 seconds.
  path: Assets/BigRookGames/_AssetPacks/Stylized Weapon Pack/M4 Scoped Assault Rifle/Prefabs/Assault_Rifle_M4.prefab
  artifactKey: Guid(9c32f2e3b18a3a94fa0cb90a4ac1c2fd) Importer(815301076,1909f56bfc062723c751e8b465ee728b)
Start importing Assets/BigRookGames/_AssetPacks/Stylized Weapon Pack/M4 Scoped Assault Rifle/Prefabs/Assault_Rifle_M4.prefab using Guid(9c32f2e3b18a3a94fa0cb90a4ac1c2fd) Importer(815301076,1909f56bfc062723c751e8b465ee728b)  -> (artifact id: 'b41938008423f9e0bb8af40f0a4e18d3') in 0.116821 seconds 
========================================================================
Received Import Request.
  Time since last request: 0.000221 seconds.
  path: Assets/BigRookGames/_AssetPacks/Stylized Weapon Pack/M4 Scoped Assault Rifle/Prefabs/Assault_Rifle_M4_with_scope.prefab
  artifactKey: Guid(fc45b7e62abe3a34da71d3a00638f636) Importer(815301076,1909f56bfc062723c751e8b465ee728b)
Start importing Assets/BigRookGames/_AssetPacks/Stylized Weapon Pack/M4 Scoped Assault Rifle/Prefabs/Assault_Rifle_M4_with_scope.prefab using Guid(fc45b7e62abe3a34da71d3a00638f636) Importer(815301076,1909f56bfc062723c751e8b465ee728b)  -> (artifact id: '8e7fd9a98b1bfa6ac204f9145b97d6b7') in 0.043245 seconds 
========================================================================
Received Prepare
Registering precompiled user dll's ...
Registered in 0.001092 seconds.
Begin MonoManager ReloadAssembly
Native extension for WindowsStandalone target not found
Refreshing native plugins compatible for Editor in 0.25 ms, found 0 plugins.
Preloading 0 native plugins for Editor in 0.00 ms.
Mono: successfully reloaded assembly
- Completed reload, in  0.947 seconds
Platform modules already initialized, skipping
Refreshing native plugins compatible for Editor in 0.28 ms, found 0 plugins.
Preloading 0 native plugins for Editor in 0.00 ms.
Unloading 1135 Unused Serialized files (Serialized files now loaded: 0)
System memory in use before: 74.9 MB.
System memory in use after: 75.0 MB.

Unloading 4 unused Assets to reduce memory usage. Loaded Objects now: 1667.
Total: 2.814900 ms (FindLiveObjects: 0.312100 ms CreateObjectMapping: 0.082000 ms MarkObjects: 2.384200 ms  DeleteObjects: 0.033700 ms)

========================================================================
Received Prepare
Registering precompiled user dll's ...
Registered in 0.001006 seconds.
Begin MonoManager ReloadAssembly
Native extension for WindowsStandalone target not found
Refreshing native plugins compatible for Editor in 0.28 ms, found 0 plugins.
Preloading 0 native plugins for Editor in 0.00 ms.
Mono: successfully reloaded assembly
- Completed reload, in  0.983 seconds
Platform modules already initialized, skipping
Refreshing native plugins compatible for Editor in 0.26 ms, found 0 plugins.
Preloading 0 native plugins for Editor in 0.00 ms.
Unloading 1135 Unused Serialized files (Serialized files now loaded: 0)
System memory in use before: 74.9 MB.
System memory in use after: 75.0 MB.

Unloading 4 unused Assets to reduce memory usage. Loaded Objects now: 1670.
Total: 2.247600 ms (FindLiveObjects: 0.222500 ms CreateObjectMapping: 0.070400 ms MarkObjects: 1.936800 ms  DeleteObjects: 0.015500 ms)

========================================================================
Received Prepare
Registering precompiled user dll's ...
Registered in 0.000682 seconds.
Begin MonoManager ReloadAssembly
Native extension for WindowsStandalone target not found
Refreshing native plugins compatible for Editor in 0.21 ms, found 0 plugins.
Preloading 0 native plugins for Editor in 0.00 ms.
Mono: successfully reloaded assembly
- Completed reload, in  0.707 seconds
Platform modules already initialized, skipping
Refreshing native plugins compatible for Editor in 0.22 ms, found 0 plugins.
Preloading 0 native plugins for Editor in 0.00 ms.
Unloading 1135 Unused Serialized files (Serialized files now loaded: 0)
System memory in use before: 74.9 MB.
System memory in use after: 75.0 MB.

Unloading 4 unused Assets to reduce memory usage. Loaded Objects now: 1673.
Total: 2.136000 ms (FindLiveObjects: 0.187400 ms CreateObjectMapping: 0.069700 ms MarkObjects: 1.861000 ms  DeleteObjects: 0.015800 ms)

========================================================================
Received Prepare
Registering precompiled user dll's ...
Registered in 0.000786 seconds.
Begin MonoManager ReloadAssembly
Native extension for WindowsStandalone target not found
Refreshing native plugins compatible for Editor in 0.28 ms, found 0 plugins.
Preloading 0 native plugins for Editor in 0.00 ms.
Mono: successfully reloaded assembly
- Completed reload, in  0.748 seconds
Platform modules already initialized, skipping
Refreshing native plugins compatible for Editor in 0.22 ms, found 0 plugins.
Preloading 0 native plugins for Editor in 0.00 ms.
Unloading 1135 Unused Serialized files (Serialized files now loaded: 0)
System memory in use before: 74.9 MB.
System memory in use after: 75.0 MB.

Unloading 4 unused Assets to reduce memory usage. Loaded Objects now: 1676.
Total: 2.105000 ms (FindLiveObjects: 0.458300 ms CreateObjectMapping: 0.096000 ms MarkObjects: 1.534200 ms  DeleteObjects: 0.013000 ms)

========================================================================
Received Prepare
Registering precompiled user dll's ...
Registered in 0.000744 seconds.
Begin MonoManager ReloadAssembly
Native extension for WindowsStandalone target not found
Refreshing native plugins compatible for Editor in 0.21 ms, found 0 plugins.
Preloading 0 native plugins for Editor in 0.00 ms.
Mono: successfully reloaded assembly
- Completed reload, in  0.721 seconds
Platform modules already initialized, skipping
Refreshing native plugins compatible for Editor in 0.25 ms, found 0 plugins.
Preloading 0 native plugins for Editor in 0.00 ms.
Unloading 1135 Unused Serialized files (Serialized files now loaded: 0)
System memory in use before: 74.9 MB.
System memory in use after: 75.0 MB.

Unloading 4 unused Assets to reduce memory usage. Loaded Objects now: 1679.
Total: 1.966100 ms (FindLiveObjects: 0.141100 ms CreateObjectMapping: 0.037900 ms MarkObjects: 1.772000 ms  DeleteObjects: 0.014200 ms)

========================================================================
Received Prepare
Registering precompiled user dll's ...
Registered in 0.000825 seconds.
Begin MonoManager ReloadAssembly
Native extension for WindowsStandalone target not found
Refreshing native plugins compatible for Editor in 0.47 ms, found 0 plugins.
Preloading 0 native plugins for Editor in 0.00 ms.
Mono: successfully reloaded assembly
- Completed reload, in  0.929 seconds
Platform modules already initialized, skipping
Refreshing native plugins compatible for Editor in 0.36 ms, found 0 plugins.
Preloading 0 native plugins for Editor in 0.00 ms.
Unloading 1135 Unused Serialized files (Serialized files now loaded: 0)
System memory in use before: 74.9 MB.
System memory in use after: 75.1 MB.

Unloading 4 unused Assets to reduce memory usage. Loaded Objects now: 1682.
Total: 2.639500 ms (FindLiveObjects: 0.293500 ms CreateObjectMapping: 0.159000 ms MarkObjects: 2.163800 ms  DeleteObjects: 0.020100 ms)

========================================================================
Received Prepare
Registering precompiled user dll's ...
Registered in 0.000977 seconds.
Begin MonoManager ReloadAssembly
Native extension for WindowsStandalone target not found
Refreshing native plugins compatible for Editor in 0.20 ms, found 0 plugins.
Preloading 0 native plugins for Editor in 0.00 ms.
Mono: successfully reloaded assembly
- Completed reload, in  0.772 seconds
Platform modules already initialized, skipping
Refreshing native plugins compatible for Editor in 0.21 ms, found 0 plugins.
Preloading 0 native plugins for Editor in 0.00 ms.
Unloading 1135 Unused Serialized files (Serialized files now loaded: 0)
System memory in use before: 75.0 MB.
System memory in use after: 75.1 MB.

Unloading 4 unused Assets to reduce memory usage. Loaded Objects now: 1685.
Total: 1.648100 ms (FindLiveObjects: 0.132400 ms CreateObjectMapping: 0.035500 ms MarkObjects: 1.462300 ms  DeleteObjects: 0.016800 ms)

========================================================================
Received Prepare
Registering precompiled user dll's ...
Registered in 0.000810 seconds.
Begin MonoManager ReloadAssembly
Native extension for WindowsStandalone target not found
Refreshing native plugins compatible for Editor in 0.26 ms, found 0 plugins.
Preloading 0 native plugins for Editor in 0.00 ms.
Mono: successfully reloaded assembly
- Completed reload, in  0.732 seconds
Platform modules already initialized, skipping
Refreshing native plugins compatible for Editor in 0.21 ms, found 0 plugins.
Preloading 0 native plugins for Editor in 0.00 ms.
Unloading 1135 Unused Serialized files (Serialized files now loaded: 0)
System memory in use before: 75.0 MB.
System memory in use after: 75.1 MB.

Unloading 4 unused Assets to reduce memory usage. Loaded Objects now: 1688.
Total: 2.373800 ms (FindLiveObjects: 0.160100 ms CreateObjectMapping: 0.059700 ms MarkObjects: 2.118400 ms  DeleteObjects: 0.034100 ms)

========================================================================
Received Prepare
Registering precompiled user dll's ...
Registered in 0.000832 seconds.
Begin MonoManager ReloadAssembly
Native extension for WindowsStandalone target not found
Refreshing native plugins compatible for Editor in 0.29 ms, found 0 plugins.
Preloading 0 native plugins for Editor in 0.00 ms.
Mono: successfully reloaded assembly
- Completed reload, in  1.509 seconds
Platform modules already initialized, skipping
Refreshing native plugins compatible for Editor in 0.30 ms, found 0 plugins.
Preloading 0 native plugins for Editor in 0.00 ms.
Unloading 1135 Unused Serialized files (Serialized files now loaded: 0)
System memory in use before: 75.0 MB.
System memory in use after: 75.1 MB.

Unloading 4 unused Assets to reduce memory usage. Loaded Objects now: 1691.
Total: 3.503200 ms (FindLiveObjects: 0.390800 ms CreateObjectMapping: 0.109000 ms MarkObjects: 2.977100 ms  DeleteObjects: 0.023800 ms)

========================================================================
Received Prepare
Registering precompiled user dll's ...
Registered in 0.000709 seconds.
Begin MonoManager ReloadAssembly
Native extension for WindowsStandalone target not found
Refreshing native plugins compatible for Editor in 0.20 ms, found 0 plugins.
Preloading 0 native plugins for Editor in 0.00 ms.
Mono: successfully reloaded assembly
- Completed reload, in  0.742 seconds
Platform modules already initialized, skipping
Refreshing native plugins compatible for Editor in 0.21 ms, found 0 plugins.
Preloading 0 native plugins for Editor in 0.00 ms.
Unloading 1135 Unused Serialized files (Serialized files now loaded: 0)
System memory in use before: 75.0 MB.
System memory in use after: 75.1 MB.

Unloading 4 unused Assets to reduce memory usage. Loaded Objects now: 1694.
Total: 1.962000 ms (FindLiveObjects: 0.275100 ms CreateObjectMapping: 0.063200 ms MarkObjects: 1.606300 ms  DeleteObjects: 0.015600 ms)

========================================================================
Received Prepare
Registering precompiled user dll's ...
Registered in 0.000802 seconds.
Begin MonoManager ReloadAssembly
Native extension for WindowsStandalone target not found
Refreshing native plugins compatible for Editor in 0.21 ms, found 0 plugins.
Preloading 0 native plugins for Editor in 0.00 ms.
Mono: successfully reloaded assembly
- Completed reload, in  0.781 seconds
Platform modules already initialized, skipping
Refreshing native plugins compatible for Editor in 0.23 ms, found 0 plugins.
Preloading 0 native plugins for Editor in 0.00 ms.
Unloading 1135 Unused Serialized files (Serialized files now loaded: 0)
System memory in use before: 75.0 MB.
System memory in use after: 75.1 MB.

Unloading 4 unused Assets to reduce memory usage. Loaded Objects now: 1697.
Total: 2.107900 ms (FindLiveObjects: 0.127300 ms CreateObjectMapping: 0.034400 ms MarkObjects: 1.928300 ms  DeleteObjects: 0.016900 ms)

========================================================================
Received Import Request.
  Time since last request: 943.658583 seconds.
  path: Assets
  artifactKey: Guid(00000000000000001000000000000000) Importer(815301076,1909f56bfc062723c751e8b465ee728b)
Start importing Assets using Guid(00000000000000001000000000000000) Importer(815301076,1909f56bfc062723c751e8b465ee728b)  -> (artifact id: '3a3c96ab4986816b7b77dea28d49d6a8') in 0.004320 seconds 
========================================================================
Received Prepare
Registering precompiled user dll's ...
Registered in 0.001632 seconds.
Begin MonoManager ReloadAssembly
Native extension for WindowsStandalone target not found
Refreshing native plugins compatible for Editor in 0.34 ms, found 0 plugins.
Preloading 0 native plugins for Editor in 0.00 ms.
Mono: successfully reloaded assembly
- Completed reload, in  1.260 seconds
Platform modules already initialized, skipping
Shader 'WFX/Transparent Specular': fallback shader 'Particles/Alpha Blended' not found
Shader 'WFX/Transparent Diffuse': fallback shader 'Particles/Alpha Blended' not found
Shader 'WFX/Transparent Specular': fallback shader 'Particles/Alpha Blended' not found
Shader 'WFX/Transparent Diffuse': fallback shader 'Particles/Alpha Blended' not found
Refreshing native plugins compatible for Editor in 0.35 ms, found 0 plugins.
Preloading 0 native plugins for Editor in 0.00 ms.
Unloading 1162 Unused Serialized files (Serialized files now loaded: 0)
System memory in use before: 77.2 MB.
System memory in use after: 76.8 MB.

Unloading 15 unused Assets to reduce memory usage. Loaded Objects now: 1716.
Total: 2.936800 ms (FindLiveObjects: 0.198400 ms CreateObjectMapping: 0.118100 ms MarkObjects: 2.333900 ms  DeleteObjects: 0.282500 ms)

========================================================================
Received Import Request.
  Time since last request: 498.699915 seconds.
  path: Assets/JMO Assets
  artifactKey: Guid(222e4d7b8d5c4fa4c90e8b30827159f6) Importer(815301076,1909f56bfc062723c751e8b465ee728b)
Start importing Assets/JMO Assets using Guid(222e4d7b8d5c4fa4c90e8b30827159f6) Importer(815301076,1909f56bfc062723c751e8b465ee728b)  -> (artifact id: '7f44829cfad4496b3fb176525797e5c4') in 0.005539 seconds 
========================================================================
Received Import Request.
  Time since last request: 2.076180 seconds.
  path: Assets/JMO Assets/WarFX
  artifactKey: Guid(bf67b04f7e403384eb93f422cf479252) Importer(815301076,1909f56bfc062723c751e8b465ee728b)
Start importing Assets/JMO Assets/WarFX using Guid(bf67b04f7e403384eb93f422cf479252) Importer(815301076,1909f56bfc062723c751e8b465ee728b)  -> (artifact id: 'e9ecf62599cc3c85e27f3d7a2c59c58c') in 0.003022 seconds 
========================================================================
Received Import Request.
  Time since last request: 46.821323 seconds.
  path: Assets/JMO Assets/WarFX/_Effects
  artifactKey: Guid(71faefa77e7fc274fa230519616d3c3f) Importer(815301076,1909f56bfc062723c751e8b465ee728b)
Start importing Assets/JMO Assets/WarFX/_Effects using Guid(71faefa77e7fc274fa230519616d3c3f) Importer(815301076,1909f56bfc062723c751e8b465ee728b)  -> (artifact id: '467c8f3217b3974a18abf0b7bc42aaa3') in 0.007034 seconds 
========================================================================
Received Import Request.
  Time since last request: 1.292366 seconds.
  path: Assets/JMO Assets/WarFX/_Effects/Bullet Impacts/WFX_BImpact Concrete NoCollision.prefab
  artifactKey: Guid(20b31fcfaed0cb842a56fbbe2419428f) Importer(815301076,1909f56bfc062723c751e8b465ee728b)
Start importing Assets/JMO Assets/WarFX/_Effects/Bullet Impacts/WFX_BImpact Concrete NoCollision.prefab using Guid(20b31fcfaed0cb842a56fbbe2419428f) Importer(815301076,1909f56bfc062723c751e8b465ee728b)  -> (artifact id: '0a6715bdb95eebdb7df391ec2fe077ec') in 0.134153 seconds 
========================================================================
Received Import Request.
  Time since last request: 0.000295 seconds.
  path: Assets/JMO Assets/WarFX/_Effects/Bullet Impacts/WFX_BImpact Wood NoCollision.prefab
  artifactKey: Guid(d39ab699aa314a147969fd483aa55205) Importer(815301076,1909f56bfc062723c751e8b465ee728b)
Start importing Assets/JMO Assets/WarFX/_Effects/Bullet Impacts/WFX_BImpact Wood NoCollision.prefab using Guid(d39ab699aa314a147969fd483aa55205) Importer(815301076,1909f56bfc062723c751e8b465ee728b)  -> (artifact id: '8213932bbcf5ff8f02daa5be1704eab1') in 0.006477 seconds 
========================================================================
Received Import Request.
  Time since last request: 0.000336 seconds.
  path: Assets/JMO Assets/WarFX/_Effects/Bullet Impacts/WFX_BImpact Sand.prefab
  artifactKey: Guid(fc7f8379080d0a844ad699b91bfd56f0) Importer(815301076,1909f56bfc062723c751e8b465ee728b)
Start importing Assets/JMO Assets/WarFX/_Effects/Bullet Impacts/WFX_BImpact Sand.prefab using Guid(fc7f8379080d0a844ad699b91bfd56f0) Importer(815301076,1909f56bfc062723c751e8b465ee728b)  -> (artifact id: '0d295ef76938459f91400e259198eaec') in 0.006718 seconds 
========================================================================
Received Import Request.
  Time since last request: 0.000356 seconds.
  path: Assets/JMO Assets/WarFX/_Effects/Bullet Impacts/WFX_BImpact SoftBody.prefab
  artifactKey: Guid(3b1513bcb86426b4795879be6a128ed7) Importer(815301076,1909f56bfc062723c751e8b465ee728b)
Start importing Assets/JMO Assets/WarFX/_Effects/Bullet Impacts/WFX_BImpact SoftBody.prefab using Guid(3b1513bcb86426b4795879be6a128ed7) Importer(815301076,1909f56bfc062723c751e8b465ee728b)  -> (artifact id: 'e7f76ef09e7bb0dacbea159d7d92dfa2') in 0.007857 seconds 
========================================================================
Received Import Request.
  Time since last request: 0.000380 seconds.
  path: Assets/JMO Assets/WarFX/_Effects/Bullet Impacts/WFX_BImpact Wood.prefab
  artifactKey: Guid(ac1aa04288fad804ba1cd769f4377aaf) Importer(815301076,1909f56bfc062723c751e8b465ee728b)
Start importing Assets/JMO Assets/WarFX/_Effects/Bullet Impacts/WFX_BImpact Wood.prefab using Guid(ac1aa04288fad804ba1cd769f4377aaf) Importer(815301076,1909f56bfc062723c751e8b465ee728b)  -> (artifact id: '52939f6edaf1056202f2c45ad5fc3b7d') in 0.006676 seconds 
========================================================================
Received Import Request.
  Time since last request: 0.000387 seconds.
  path: Assets/JMO Assets/WarFX/_Effects/Bullet Impacts/WFX_BImpact Dirt.prefab
  artifactKey: Guid(56bfc2f4b4a0c534c8ef3d0fd1124c44) Importer(815301076,1909f56bfc062723c751e8b465ee728b)
Start importing Assets/JMO Assets/WarFX/_Effects/Bullet Impacts/WFX_BImpact Dirt.prefab using Guid(56bfc2f4b4a0c534c8ef3d0fd1124c44) Importer(815301076,1909f56bfc062723c751e8b465ee728b)  -> (artifact id: '29841cd7b26a87deea9387f498d49214') in 0.008011 seconds 
========================================================================
Received Import Request.
  Time since last request: 0.000334 seconds.
  path: Assets/JMO Assets/WarFX/_Effects/Bullet Impacts
  artifactKey: Guid(6eccb7210bb2e95408062d2f52be5ac9) Importer(815301076,1909f56bfc062723c751e8b465ee728b)
Start importing Assets/JMO Assets/WarFX/_Effects/Bullet Impacts using Guid(6eccb7210bb2e95408062d2f52be5ac9) Importer(815301076,1909f56bfc062723c751e8b465ee728b)  -> (artifact id: '4def30ff25a96f0da3a5d2f1bc09ecac') in 0.004286 seconds 
========================================================================
Received Import Request.
  Time since last request: 0.000544 seconds.
  path: Assets/JMO Assets/WarFX/_Effects/Bullet Impacts/WFX_BImpact Metal.prefab
  artifactKey: Guid(00fedc70b62a31e448e8ccc298257b56) Importer(815301076,1909f56bfc062723c751e8b465ee728b)
Start importing Assets/JMO Assets/WarFX/_Effects/Bullet Impacts/WFX_BImpact Metal.prefab using Guid(00fedc70b62a31e448e8ccc298257b56) Importer(815301076,1909f56bfc062723c751e8b465ee728b)  -> (artifact id: '28a6fd606d01918ad2039bbac55f37ae') in 0.006522 seconds 
========================================================================
Received Import Request.
  Time since last request: 0.000399 seconds.
  path: Assets/JMO Assets/WarFX/_Effects/Bullet Impacts/WFX_BImpact Concrete.prefab
  artifactKey: Guid(99c73c92ac40473459640b165473206f) Importer(815301076,1909f56bfc062723c751e8b465ee728b)
Start importing Assets/JMO Assets/WarFX/_Effects/Bullet Impacts/WFX_BImpact Concrete.prefab using Guid(99c73c92ac40473459640b165473206f) Importer(815301076,1909f56bfc062723c751e8b465ee728b)  -> (artifact id: '6586d7e147f1e480c96752aa5c319709') in 0.008200 seconds 
========================================================================
Received Import Request.
  Time since last request: 2.136077 seconds.
  path: Assets/JMO Assets/WarFX/Desktop/Materials/Impacts/WFX_M_Impact Smoke.mat
  artifactKey: Guid(450dd918846b28b408e044f16f827449) Importer(815301076,1909f56bfc062723c751e8b465ee728b)
Start importing Assets/JMO Assets/WarFX/Desktop/Materials/Impacts/WFX_M_Impact Smoke.mat using Guid(450dd918846b28b408e044f16f827449) Importer(815301076,1909f56bfc062723c751e8b465ee728b)  -> (artifact id: '533bbb66a59fef579eecdac1b97511aa') in 0.066531 seconds 
========================================================================
Received Import Request.
  Time since last request: 0.105989 seconds.
  path: Assets/JMO Assets/WarFX/_Effects/Bullet Impacts/WFX_BImpact Concrete NoCollision.prefab
  artifactKey: Guid(20b31fcfaed0cb842a56fbbe2419428f) Importer(815301076,1909f56bfc062723c751e8b465ee728b)
Start importing Assets/JMO Assets/WarFX/_Effects/Bullet Impacts/WFX_BImpact Concrete NoCollision.prefab using Guid(20b31fcfaed0cb842a56fbbe2419428f) Importer(815301076,1909f56bfc062723c751e8b465ee728b)  -> (artifact id: '5e7fb64a442d557ddaefadf220bc5608') in 0.005408 seconds 
========================================================================
Received Import Request.
  Time since last request: 8.798339 seconds.
  path: Assets/JMO Assets/WarFX/_Effects/Bullet Impacts/WFX_BImpact Dirt.prefab
  artifactKey: Guid(56bfc2f4b4a0c534c8ef3d0fd1124c44) Importer(815301076,1909f56bfc062723c751e8b465ee728b)
Start importing Assets/JMO Assets/WarFX/_Effects/Bullet Impacts/WFX_BImpact Dirt.prefab using Guid(56bfc2f4b4a0c534c8ef3d0fd1124c44) Importer(815301076,1909f56bfc062723c751e8b465ee728b)  -> (artifact id: '05c03758b10fe61fcf122e8c592e2a82') in 0.008561 seconds 
========================================================================
Received Import Request.
  Time since last request: 1.836752 seconds.
  path: Assets/JMO Assets/WarFX/Desktop/Materials/Misc/WFX_M_GlowCircle Add.mat
  artifactKey: Guid(cd8002f70c22e4840bffd510c84d3c10) Importer(815301076,1909f56bfc062723c751e8b465ee728b)
Start importing Assets/JMO Assets/WarFX/Desktop/Materials/Misc/WFX_M_GlowCircle Add.mat using Guid(cd8002f70c22e4840bffd510c84d3c10) Importer(815301076,1909f56bfc062723c751e8b465ee728b)  -> (artifact id: 'adbafed9b77789061baf88a8b907a691') in 0.026048 seconds 
========================================================================
Received Import Request.
  Time since last request: 7.699507 seconds.
  path: Assets/JMO Assets/WarFX/_Effects/Bullet Impacts/WFX_BImpact Sand.prefab
  artifactKey: Guid(fc7f8379080d0a844ad699b91bfd56f0) Importer(815301076,1909f56bfc062723c751e8b465ee728b)
Start importing Assets/JMO Assets/WarFX/_Effects/Bullet Impacts/WFX_BImpact Sand.prefab using Guid(fc7f8379080d0a844ad699b91bfd56f0) Importer(815301076,1909f56bfc062723c751e8b465ee728b)  -> (artifact id: '66fc2bfab206f3430733c866ed336396') in 0.007164 seconds 
========================================================================
Received Import Request.
  Time since last request: 1.977202 seconds.
  path: Assets/JMO Assets/WarFX/_Effects/Bullet Impacts/WFX_BImpact SoftBody.prefab
  artifactKey: Guid(3b1513bcb86426b4795879be6a128ed7) Importer(815301076,1909f56bfc062723c751e8b465ee728b)
Start importing Assets/JMO Assets/WarFX/_Effects/Bullet Impacts/WFX_BImpact SoftBody.prefab using Guid(3b1513bcb86426b4795879be6a128ed7) Importer(815301076,1909f56bfc062723c751e8b465ee728b)  -> (artifact id: '07d392c566dd0ede04afd7808f3ada47') in 0.005944 seconds 
========================================================================
Received Prepare
Registering precompiled user dll's ...
Registered in 0.000738 seconds.
Begin MonoManager ReloadAssembly
Native extension for WindowsStandalone target not found
Refreshing native plugins compatible for Editor in 0.25 ms, found 0 plugins.
Preloading 0 native plugins for Editor in 0.00 ms.
Mono: successfully reloaded assembly
- Completed reload, in  0.798 seconds
Platform modules already initialized, skipping
Shader 'WFX/Transparent Specular': fallback shader 'Particles/Alpha Blended' not found
Shader 'WFX/Transparent Diffuse': fallback shader 'Particles/Alpha Blended' not found
Shader 'WFX/Transparent Specular': fallback shader 'Particles/Alpha Blended' not found
Shader 'WFX/Transparent Diffuse': fallback shader 'Particles/Alpha Blended' not found
Refreshing native plugins compatible for Editor in 0.45 ms, found 0 plugins.
Preloading 0 native plugins for Editor in 0.00 ms.
Unloading 1162 Unused Serialized files (Serialized files now loaded: 0)
System memory in use before: 77.3 MB.
System memory in use after: 76.9 MB.

Unloading 14 unused Assets to reduce memory usage. Loaded Objects now: 1722.
Total: 2.575100 ms (FindLiveObjects: 0.201500 ms CreateObjectMapping: 0.047800 ms MarkObjects: 2.096800 ms  DeleteObjects: 0.226800 ms)

========================================================================
Received Prepare
Registering precompiled user dll's ...
Registered in 0.000756 seconds.
Begin MonoManager ReloadAssembly
Native extension for WindowsStandalone target not found
Refreshing native plugins compatible for Editor in 0.25 ms, found 0 plugins.
Preloading 0 native plugins for Editor in 0.00 ms.
Mono: successfully reloaded assembly
- Completed reload, in  0.822 seconds
Platform modules already initialized, skipping
Shader 'WFX/Transparent Specular': fallback shader 'Particles/Alpha Blended' not found
Shader 'WFX/Transparent Diffuse': fallback shader 'Particles/Alpha Blended' not found
Shader 'WFX/Transparent Specular': fallback shader 'Particles/Alpha Blended' not found
Shader 'WFX/Transparent Diffuse': fallback shader 'Particles/Alpha Blended' not found
Refreshing native plugins compatible for Editor in 0.26 ms, found 0 plugins.
Preloading 0 native plugins for Editor in 0.00 ms.
Unloading 1161 Unused Serialized files (Serialized files now loaded: 0)
System memory in use before: 77.2 MB.
System memory in use after: 76.8 MB.

Unloading 14 unused Assets to reduce memory usage. Loaded Objects now: 1725.
Total: 2.072700 ms (FindLiveObjects: 0.253700 ms CreateObjectMapping: 0.077300 ms MarkObjects: 1.526400 ms  DeleteObjects: 0.214000 ms)

========================================================================
Received Prepare
Registering precompiled user dll's ...
Registered in 0.001755 seconds.
Begin MonoManager ReloadAssembly
Native extension for WindowsStandalone target not found
Refreshing native plugins compatible for Editor in 0.69 ms, found 0 plugins.
Preloading 0 native plugins for Editor in 0.00 ms.
Mono: successfully reloaded assembly
- Completed reload, in  2.252 seconds
Platform modules already initialized, skipping
Shader 'WFX/Transparent Specular': fallback shader 'Particles/Alpha Blended' not found
Shader 'WFX/Transparent Diffuse': fallback shader 'Particles/Alpha Blended' not found
Shader 'WFX/Transparent Diffuse': fallback shader 'Particles/Alpha Blended' not found
Shader 'WFX/Transparent Specular': fallback shader 'Particles/Alpha Blended' not found
Refreshing native plugins compatible for Editor in 0.64 ms, found 0 plugins.
Preloading 0 native plugins for Editor in 0.00 ms.
Unloading 1161 Unused Serialized files (Serialized files now loaded: 0)
System memory in use before: 77.2 MB.
System memory in use after: 76.8 MB.

Unloading 14 unused Assets to reduce memory usage. Loaded Objects now: 1728.
Total: 6.029300 ms (FindLiveObjects: 0.593700 ms CreateObjectMapping: 0.221600 ms MarkObjects: 4.723200 ms  DeleteObjects: 0.486400 ms)

========================================================================
Received Prepare
Registering precompiled user dll's ...
Registered in 0.001837 seconds.
Begin MonoManager ReloadAssembly
Native extension for WindowsStandalone target not found
Refreshing native plugins compatible for Editor in 0.45 ms, found 0 plugins.
Preloading 0 native plugins for Editor in 0.00 ms.
Mono: successfully reloaded assembly
- Completed reload, in  2.100 seconds
Platform modules already initialized, skipping
Shader 'WFX/Transparent Specular': fallback shader 'Particles/Alpha Blended' not found
Shader 'WFX/Transparent Diffuse': fallback shader 'Particles/Alpha Blended' not found
Shader 'WFX/Transparent Specular': fallback shader 'Particles/Alpha Blended' not found
Shader 'WFX/Transparent Diffuse': fallback shader 'Particles/Alpha Blended' not found
Refreshing native plugins compatible for Editor in 0.71 ms, found 0 plugins.
Preloading 0 native plugins for Editor in 0.00 ms.
Unloading 1161 Unused Serialized files (Serialized files now loaded: 0)
System memory in use before: 77.2 MB.
System memory in use after: 76.8 MB.

Unloading 14 unused Assets to reduce memory usage. Loaded Objects now: 1731.
Total: 7.170700 ms (FindLiveObjects: 0.395600 ms CreateObjectMapping: 0.146400 ms MarkObjects: 5.949300 ms  DeleteObjects: 0.673600 ms)

========================================================================
Received Prepare
Registering precompiled user dll's ...
Registered in 0.001971 seconds.
Begin MonoManager ReloadAssembly
Native extension for WindowsStandalone target not found
Refreshing native plugins compatible for Editor in 1.06 ms, found 0 plugins.
Preloading 0 native plugins for Editor in 0.00 ms.
Mono: successfully reloaded assembly
- Completed reload, in  3.581 seconds
Platform modules already initialized, skipping
Shader 'WFX/Transparent Specular': fallback shader 'Particles/Alpha Blended' not found
Shader 'WFX/Transparent Diffuse': fallback shader 'Particles/Alpha Blended' not found
Shader 'WFX/Transparent Specular': fallback shader 'Particles/Alpha Blended' not found
Shader 'WFX/Transparent Diffuse': fallback shader 'Particles/Alpha Blended' not found
Refreshing native plugins compatible for Editor in 1.15 ms, found 0 plugins.
Preloading 0 native plugins for Editor in 0.00 ms.
Unloading 1161 Unused Serialized files (Serialized files now loaded: 0)
System memory in use before: 77.2 MB.
System memory in use after: 76.8 MB.

Unloading 14 unused Assets to reduce memory usage. Loaded Objects now: 1734.
Total: 3.529400 ms (FindLiveObjects: 0.372200 ms CreateObjectMapping: 0.077200 ms MarkObjects: 2.607000 ms  DeleteObjects: 0.469600 ms)

========================================================================
Received Prepare
Registering precompiled user dll's ...
Registered in 0.001002 seconds.
Begin MonoManager ReloadAssembly
Native extension for WindowsStandalone target not found
Refreshing native plugins compatible for Editor in 0.82 ms, found 0 plugins.
Preloading 0 native plugins for Editor in 0.00 ms.
Mono: successfully reloaded assembly
- Completed reload, in  2.228 seconds
Platform modules already initialized, skipping
Shader 'WFX/Transparent Specular': fallback shader 'Particles/Alpha Blended' not found
Shader 'WFX/Transparent Diffuse': fallback shader 'Particles/Alpha Blended' not found
Shader 'WFX/Transparent Specular': fallback shader 'Particles/Alpha Blended' not found
Shader 'WFX/Transparent Diffuse': fallback shader 'Particles/Alpha Blended' not found
Refreshing native plugins compatible for Editor in 1.12 ms, found 0 plugins.
Preloading 0 native plugins for Editor in 0.00 ms.
Unloading 1161 Unused Serialized files (Serialized files now loaded: 0)
System memory in use before: 77.2 MB.
System memory in use after: 76.9 MB.

Unloading 14 unused Assets to reduce memory usage. Loaded Objects now: 1737.
Total: 8.974000 ms (FindLiveObjects: 0.889200 ms CreateObjectMapping: 0.279400 ms MarkObjects: 6.806200 ms  DeleteObjects: 0.990900 ms)

========================================================================
Received Prepare
Registering precompiled user dll's ...
Registered in 0.004118 seconds.
Begin MonoManager ReloadAssembly
Native extension for WindowsStandalone target not found
Refreshing native plugins compatible for Editor in 0.30 ms, found 0 plugins.
Preloading 0 native plugins for Editor in 0.00 ms.
Mono: successfully reloaded assembly
- Completed reload, in  2.143 seconds
Platform modules already initialized, skipping
Shader 'WFX/Transparent Specular': fallback shader 'Particles/Alpha Blended' not found
Shader 'WFX/Transparent Diffuse': fallback shader 'Particles/Alpha Blended' not found
Shader 'WFX/Transparent Specular': fallback shader 'Particles/Alpha Blended' not found
Shader 'WFX/Transparent Diffuse': fallback shader 'Particles/Alpha Blended' not found
Refreshing native plugins compatible for Editor in 0.54 ms, found 0 plugins.
Preloading 0 native plugins for Editor in 0.00 ms.
Unloading 1161 Unused Serialized files (Serialized files now loaded: 0)
System memory in use before: 77.2 MB.
System memory in use after: 76.9 MB.

Unloading 14 unused Assets to reduce memory usage. Loaded Objects now: 1740.
Total: 6.733700 ms (FindLiveObjects: 0.788900 ms CreateObjectMapping: 0.740300 ms MarkObjects: 4.720700 ms  DeleteObjects: 0.477900 ms)

========================================================================
Received Prepare
Registering precompiled user dll's ...
Registered in 0.001952 seconds.
Begin MonoManager ReloadAssembly
Native extension for WindowsStandalone target not found
Refreshing native plugins compatible for Editor in 0.69 ms, found 0 plugins.
Preloading 0 native plugins for Editor in 0.00 ms.
Mono: successfully reloaded assembly
- Completed reload, in  2.890 seconds
Platform modules already initialized, skipping
Shader 'WFX/Transparent Specular': fallback shader 'Particles/Alpha Blended' not found
Shader 'WFX/Transparent Diffuse': fallback shader 'Particles/Alpha Blended' not found
Shader 'WFX/Transparent Diffuse': fallback shader 'Particles/Alpha Blended' not found
Shader 'WFX/Transparent Specular': fallback shader 'Particles/Alpha Blended' not found
Refreshing native plugins compatible for Editor in 0.54 ms, found 0 plugins.
Preloading 0 native plugins for Editor in 0.00 ms.
Unloading 1161 Unused Serialized files (Serialized files now loaded: 0)
System memory in use before: 77.2 MB.
System memory in use after: 76.9 MB.

Unloading 14 unused Assets to reduce memory usage. Loaded Objects now: 1743.
Total: 5.484400 ms (FindLiveObjects: 0.414100 ms CreateObjectMapping: 0.220700 ms MarkObjects: 4.337600 ms  DeleteObjects: 0.507200 ms)

========================================================================
Received Prepare
Registering precompiled user dll's ...
Registered in 0.003531 seconds.
Begin MonoManager ReloadAssembly
Native extension for WindowsStandalone target not found
Refreshing native plugins compatible for Editor in 0.63 ms, found 0 plugins.
Preloading 0 native plugins for Editor in 0.00 ms.
Mono: successfully reloaded assembly
- Completed reload, in  2.952 seconds
Platform modules already initialized, skipping
Shader 'WFX/Transparent Specular': fallback shader 'Particles/Alpha Blended' not found
Shader 'WFX/Transparent Diffuse': fallback shader 'Particles/Alpha Blended' not found
Shader 'WFX/Transparent Diffuse': fallback shader 'Particles/Alpha Blended' not found
Shader 'WFX/Transparent Specular': fallback shader 'Particles/Alpha Blended' not found
Refreshing native plugins compatible for Editor in 0.66 ms, found 0 plugins.
Preloading 0 native plugins for Editor in 0.00 ms.
Unloading 1161 Unused Serialized files (Serialized files now loaded: 0)
System memory in use before: 77.2 MB.
System memory in use after: 76.9 MB.

Unloading 14 unused Assets to reduce memory usage. Loaded Objects now: 1746.
Total: 6.658600 ms (FindLiveObjects: 0.333500 ms CreateObjectMapping: 0.113900 ms MarkObjects: 5.465300 ms  DeleteObjects: 0.740900 ms)

========================================================================
Received Prepare
Registering precompiled user dll's ...
Registered in 0.004369 seconds.
Begin MonoManager ReloadAssembly
Native extension for WindowsStandalone target not found
Refreshing native plugins compatible for Editor in 0.50 ms, found 0 plugins.
Preloading 0 native plugins for Editor in 0.00 ms.
Mono: successfully reloaded assembly
- Completed reload, in  2.133 seconds
Platform modules already initialized, skipping
Shader 'WFX/Transparent Specular': fallback shader 'Particles/Alpha Blended' not found
Shader 'WFX/Transparent Diffuse': fallback shader 'Particles/Alpha Blended' not found
Shader 'WFX/Transparent Specular': fallback shader 'Particles/Alpha Blended' not found
Shader 'WFX/Transparent Diffuse': fallback shader 'Particles/Alpha Blended' not found
Refreshing native plugins compatible for Editor in 0.28 ms, found 0 plugins.
Preloading 0 native plugins for Editor in 0.00 ms.
Unloading 1161 Unused Serialized files (Serialized files now loaded: 0)
System memory in use before: 77.2 MB.
System memory in use after: 76.9 MB.

Unloading 14 unused Assets to reduce memory usage. Loaded Objects now: 1749.
Total: 3.336200 ms (FindLiveObjects: 0.423800 ms CreateObjectMapping: 0.106000 ms MarkObjects: 2.474100 ms  DeleteObjects: 0.330300 ms)

AssetImportWorkerClient::OnTransportError - code=2 error=End of file
